[11:01:33] [main/WARN]: Class path entries reference missing files: C:/Users/minec/AppData/Roaming/LKLauncher/meta/libraries/ca/weblite/java-objc-bridge/1.1/java-objc-bridge-1.1.jar, C:/Users/minec/AppData/Roaming/LKLauncher/meta/libraries/com/mojang/jtracy/1.0.37/jtracy-1.0.37-natives-linux.jar, C:/Users/minec/AppData/Roaming/LKLauncher/meta/libraries/com/mojang/jtracy/1.0.37/jtracy-1.0.37-natives-macos.jar, C:/Users/minec/AppData/Roaming/LKLauncher/meta/libraries/com/mojang/jtracy/1.0.37/jtracy-1.0.37-natives-macos-arm64.jar, C:/Users/minec/AppData/Roaming/LKLauncher/meta/libraries/io/netty/netty-transport-native-epoll/4.2.7.Final/netty-transport-native-epoll-4.2.7.Final-linux-aarch_64.jar, C:/Users/minec/AppData/Roaming/LKLauncher/meta/libraries/io/netty/netty-transport-native-epoll/4.2.7.Final/netty-transport-native-epoll-4.2.7.Final-linux-x86_64.jar, C:/Users/minec/AppData/Roaming/LKLauncher/meta/libraries/io/netty/netty-transport-native-kqueue/4.2.7.Final/netty-transport-native-kqueue-4.2.7.Final-osx-aarch_64.jar, C:/Users/minec/AppData/Roaming/LKLauncher/meta/libraries/io/netty/netty-transport-native-kqueue/4.2.7.Final/netty-transport-native-kqueue-4.2.7.Final-osx-x86_64.jar, C:/Users/minec/AppData/Roaming/LKLauncher/meta/libraries/org/lwjgl/lwjgl-freetype/3.3.3/lwjgl-freetype-3.3.3-natives-linux.jar, C:/Users/minec/AppData/Roaming/LKLauncher/meta/libraries/org/lwjgl/lwjgl-freetype/3.3.3/lwjgl-freetype-3.3.3-natives-macos-arm64.jar, C:/Users/minec/AppData/Roaming/LKLauncher/meta/libraries/org/lwjgl/lwjgl-freetype/3.3.3/lwjgl-freetype-3.3.3-natives-macos-patch.jar, C:/Users/minec/AppData/Roaming/LKLauncher/meta/libraries/org/lwjgl/lwjgl-glfw/3.3.3/lwjgl-glfw-3.3.3-natives-linux.jar, C:/Users/minec/AppData/Roaming/LKLauncher/meta/libraries/org/lwjgl/lwjgl-glfw/3.3.3/lwjgl-glfw-3.3.3-natives-macos.jar, C:/Users/minec/AppData/Roaming/LKLauncher/meta/libraries/org/lwjgl/lwjgl-glfw/3.3.3/lwjgl-glfw-3.3.3-natives-macos-arm64.jar, C:/Users/minec/AppData/Roaming/LKLauncher/meta/libraries/org/lwjgl/lwjgl-jemalloc/3.3.3/lwjgl-jemalloc-3.3.3-natives-linux.jar, C:/Users/minec/AppData/Roaming/LKLauncher/meta/libraries/org/lwjgl/lwjgl-jemalloc/3.3.3/lwjgl-jemalloc-3.3.3-natives-macos.jar, C:/Users/minec/AppData/Roaming/LKLauncher/meta/libraries/org/lwjgl/lwjgl-jemalloc/3.3.3/lwjgl-jemalloc-3.3.3-natives-macos-arm64.jar, C:/Users/minec/AppData/Roaming/LKLauncher/meta/libraries/org/lwjgl/lwjgl-openal/3.3.3/lwjgl-openal-3.3.3-natives-linux.jar, C:/Users/minec/AppData/Roaming/LKLauncher/meta/libraries/org/lwjgl/lwjgl-openal/3.3.3/lwjgl-openal-3.3.3-natives-macos.jar, C:/Users/minec/AppData/Roaming/LKLauncher/meta/libraries/org/lwjgl/lwjgl-openal/3.3.3/lwjgl-openal-3.3.3-natives-macos-arm64.jar, C:/Users/minec/AppData/Roaming/LKLauncher/meta/libraries/org/lwjgl/lwjgl-opengl/3.3.3/lwjgl-opengl-3.3.3-natives-linux.jar, C:/Users/minec/AppData/Roaming/LKLauncher/meta/libraries/org/lwjgl/lwjgl-opengl/3.3.3/lwjgl-opengl-3.3.3-natives-macos.jar, C:/Users/minec/AppData/Roaming/LKLauncher/meta/libraries/org/lwjgl/lwjgl-opengl/3.3.3/lwjgl-opengl-3.3.3-natives-macos-arm64.jar, C:/Users/minec/AppData/Roaming/LKLauncher/meta/libraries/org/lwjgl/lwjgl-stb/3.3.3/lwjgl-stb-3.3.3-natives-linux.jar, C:/Users/minec/AppData/Roaming/LKLauncher/meta/libraries/org/lwjgl/lwjgl-stb/3.3.3/lwjgl-stb-3.3.3-natives-macos.jar, C:/Users/minec/AppData/Roaming/LKLauncher/meta/libraries/org/lwjgl/lwjgl-stb/3.3.3/lwjgl-stb-3.3.3-natives-macos-arm64.jar, C:/Users/minec/AppData/Roaming/LKLauncher/meta/libraries/org/lwjgl/lwjgl-tinyfd/3.3.3/lwjgl-tinyfd-3.3.3-natives-linux.jar, C:/Users/minec/AppData/Roaming/LKLauncher/meta/libraries/org/lwjgl/lwjgl-tinyfd/3.3.3/lwjgl-tinyfd-3.3.3-natives-macos.jar, C:/Users/minec/AppData/Roaming/LKLauncher/meta/libraries/org/lwjgl/lwjgl-tinyfd/3.3.3/lwjgl-tinyfd-3.3.3-natives-macos-arm64.jar, C:/Users/minec/AppData/Roaming/LKLauncher/meta/libraries/org/lwjgl/lwjgl/3.3.3/lwjgl-3.3.3-natives-linux.jar, C:/Users/minec/AppData/Roaming/LKLauncher/meta/libraries/org/lwjgl/lwjgl/3.3.3/lwjgl-3.3.3-natives-macos.jar, C:/Users/minec/AppData/Roaming/LKLauncher/meta/libraries/org/lwjgl/lwjgl/3.3.3/lwjgl-3.3.3-natives-macos-arm64.jar - the game may not load properly!
[11:01:33] [main/INFO]: Loading Minecraft 1.21.11 with Fabric Loader 0.18.4
[11:01:33] [main/INFO]: Fabric is preparing JARs on first launch, this may take a few seconds...
[11:01:33] [ForkJoinPool-1-worker-12/WARN]: Mod dev_isxander_libsdl4j uses the version 3.2.18.release-3.2.18-79 which isn't compatible with Loader's extended semantic version format (Could not parse version number component 'release'!), SemVer is recommended for reliably evaluating dependencies and prioritizing newer version
[11:01:33] [main/INFO]: Dependencies overridden for minecraft, fabricloader
[11:01:34] [main/WARN]: Warnings were found!
 - 'Minecraft' (minecraft) 1.21.11 recommends any version after 12.0.7 of Fabulously Optimized, which is missing!
	 - You should install any version after 12.0.7 of Fabulously Optimized for the optimal experience.
[11:01:34] [main/INFO]: Loading 146 mods:
	- animatica 0.6.1+1.21.5
	- bettergrass 1.8.3+fabric.1.21.11
	- bettermounthud 1.2.6
	- capes 1.5.10+1.21.11
	- cloth-config 21.11.153
	   \-- cloth-basic-math 0.6.1
	- config_manager 1.1.1
	- continuity 3.0.1-beta.1+1.21.11
	- controlify 2.5.2+1.21.11-fabric
	   |-- dev_isxander_libsdl4j 3.2.18.release-3.2.18-79
	   |-- dev_isxander_steamdeck4j 1.1.7
	   \-- org_hid4java_hid4java 0.8.0
	- crash_assistant 1.11.0
	- cubes-without-borders 3.0.0-build.14+mc1.21.11
	- debugify 1.21.11+1.0
	- dynamic_fps 3.11.4
	   \-- net_lostluma_battery 2.0.0
	- e4mc 6.0.6
	   \-- folk_sisby_kaleido-config 0.3.3+1.3.2
	- entity_model_features 3.0.12
	- entity_texture_features 7.0.9
	- entityculling 1.9.5
	   |-- transition 1.0.11
	   \-- trender 1.0.10
	- fabric-api 0.141.3+1.21.11
	   |-- fabric-api-base 1.0.5+4ebb5c083e
	   |-- fabric-api-lookup-api-v1 1.6.114+20dc27073e
	   |-- fabric-biome-api-v1 17.1.1+4fc5413f3e
	   |-- fabric-block-api-v1 1.1.10+4ebb5c083e
	   |-- fabric-block-view-api-v2 1.0.39+4ebb5c083e
	   |-- fabric-command-api-v2 2.4.7+6b42a6003e
	   |-- fabric-content-registries-v0 10.2.14+4fc5413f3e
	   |-- fabric-convention-tags-v1 2.1.55+7f945d5b3e
	   |-- fabric-convention-tags-v2 2.17.3+8ef948ba3e
	   |-- fabric-crash-report-info-v1 0.3.23+4ebb5c083e
	   |-- fabric-data-attachment-api-v1 1.8.47+eed0806f3e
	   |-- fabric-data-generation-api-v1 23.4.0+69974c4e3e
	   |-- fabric-dimensions-v1 4.0.28+4fc5413f3e
	   |-- fabric-entity-events-v1 3.1.1+1d0ab4303e
	   |-- fabric-events-interaction-v0 4.1.0+3b89ecf63e
	   |-- fabric-game-rule-api-v1 2.0.3+4fc5413f3e
	   |-- fabric-item-api-v1 11.5.20+d0c46b9e3e
	   |-- fabric-item-group-api-v1 4.2.36+4fc5413f3e
	   |-- fabric-key-binding-api-v1 1.1.7+4fc5413f3e
	   |-- fabric-lifecycle-events-v1 2.6.15+4ebb5c083e
	   |-- fabric-loot-api-v2 3.0.73+3f89f5a53e
	   |-- fabric-loot-api-v3 2.0.20+78c8b4663e
	   |-- fabric-message-api-v1 6.1.12+4ebb5c083e
	   |-- fabric-model-loading-api-v1 6.0.15+4fc5413f3e
	   |-- fabric-networking-api-v1 5.1.5+ae1e07683e
	   |-- fabric-object-builder-api-v1 21.1.39+4fc5413f3e
	   |-- fabric-particles-v1 4.2.11+4fc5413f3e
	   |-- fabric-recipe-api-v1 8.2.3+4ebb5c083e
	   |-- fabric-registry-sync-v0 6.2.5+1718722b3e
	   |-- fabric-renderer-api-v1 8.0.3+f4ffd2e53e
	   |-- fabric-renderer-indigo 5.0.3+f4ffd2e53e
	   |-- fabric-rendering-fluids-v1 3.1.43+4ebb5c083e
	   |-- fabric-rendering-v1 16.2.10+0290ad933e
	   |-- fabric-resource-conditions-api-v1 5.0.35+4fc5413f3e
	   |-- fabric-resource-loader-v0 3.3.4+4fc5413f3e
	   |-- fabric-resource-loader-v1 1.0.10+78c8b4663e
	   |-- fabric-screen-api-v1 3.1.7+4ebb5c083e
	   |-- fabric-screen-handler-api-v1 1.3.161+4fc5413f3e
	   |-- fabric-serialization-api-v1 1.0.5+4ebb5c083e
	   |-- fabric-sound-api-v1 1.0.51+4fc5413f3e
	   |-- fabric-tag-api-v1 1.2.20+4fc5413f3e
	   |-- fabric-transfer-api-v1 6.0.25+4fc5413f3e
	   \-- fabric-transitive-access-wideners-v1 7.1.0+014c8cec3e
	- fabric-language-kotlin 1.13.9+kotlin.2.3.10
	   |-- org_jetbrains_kotlin_kotlin-reflect 2.3.10
	   |-- org_jetbrains_kotlin_kotlin-stdlib 2.3.10
	   |-- org_jetbrains_kotlin_kotlin-stdlib-jdk7 2.3.10
	   |-- org_jetbrains_kotlin_kotlin-stdlib-jdk8 2.3.10
	   |-- org_jetbrains_kotlinx_atomicfu-jvm 0.31.0
	   |-- org_jetbrains_kotlinx_kotlinx-coroutines-core-jvm 1.10.2
	   |-- org_jetbrains_kotlinx_kotlinx-coroutines-jdk8 1.10.2
	   |-- org_jetbrains_kotlinx_kotlinx-datetime-jvm 0.7.1
	   |-- org_jetbrains_kotlinx_kotlinx-io-bytestring-jvm 0.8.2
	   |-- org_jetbrains_kotlinx_kotlinx-io-core-jvm 0.8.2
	   |-- org_jetbrains_kotlinx_kotlinx-serialization-cbor-jvm 1.10.0
	   |-- org_jetbrains_kotlinx_kotlinx-serialization-core-jvm 1.10.0
	   \-- org_jetbrains_kotlinx_kotlinx-serialization-json-jvm 1.10.0
	- fabricloader 0.18.4
	   \-- mixinextras 0.5.0
	- fabrishot 1.16.4
	- fastquit 3.1.3+mc1.21.11
	- ferritecore 8.2.0
	- forgeconfigapiport 21.11.1
	   |-- com_electronwill_night-config_core 3.8.3
	   \-- com_electronwill_night-config_toml 3.8.3
	- immediatelyfast 1.14.2+1.21.11
	   \-- net_lenni0451_reflect 1.6.1+curseforge
	- iris 1.10.6+mc1.21.11
	   |-- io_github_douira_glsl-transformer 3.0.0-pre3
	   |-- org_anarres_jcpp 1.4.14
	   \-- org_antlr_antlr4-runtime 4.13.1
	- isxander-main-menu-credits 1.2.0
	- java 21
	- lambdynlights 4.9.1+1.21.11
	   \-- lambdynlights_runtime 4.9.1+1.21.11
	        |-- lambdynlights_api 4.9.1+1.21.11
	        |    |-- yumi_commons_collections 1.0.0
	        |    |-- yumi_commons_core 1.0.0
	        |    \-- yumi_commons_event 1.0.0
	        |-- pride 1.5.1+1.21.11
	        |-- spruceui 9.1.0+1.21.11
	        \-- yumi_mc_core 1.0.0-beta.1+1.21.11
	             |-- yumi_commons_collections 1.0.0
	             |-- yumi_commons_core 1.0.0
	             \-- yumi_commons_event 1.0.0
	- languagereload 1.7.5+1.21.11
	- lithium 0.21.4+mc1.21.11
	- minecraft 1.21.11
	- mixintrace 1.1.1+1.17
	- modmenu 17.0.0-beta.2
	   \-- placeholder-api 2.8.1+1.21.10
	- morechathistory 1.3.1
	- moreculling 1.6.2
	   |-- conditional-mixin 0.6.3
	   \-- mixinsquared 0.2.0
	- nochatreports 1.21.11-v2.18.0
	- optigui 2.3.0-beta.9+1.21.9
	   |-- org_apache_commons_commons-text 1.12.0
	   \-- org_ini4j_ini4j 0.5.4
	- paginatedadvancements 2.8.0+1.21.11
	- polytone 1.21.11-5.4.10
	   |-- net_objecthunter_exp4j 0.4.8
	   \-- org_mvel_mvel2 2.5.2
	- puzzle 2.3.0
	   \-- midnightlib 1.9.2
	- reeses-sodium-options 2.0.3+mc1.21.11
	- rrls 5.1.15+mc.1.21.11
	- skyboxify 2.6
	   |-- com_moulberry_mixinconstraints 1.1.0
	   |-- lightconfig 1.0-alpha.8
	   \-- mixinsquared 0.2.0
	- sodium 0.8.6+mc1.21.11
	- sodium-extra 0.8.3+mc1.21.11
	- sspb 6.0.0
	- yet_another_config_lib_v3 3.8.2+1.21.11-fabric
	   |-- com_twelvemonkeys_common_common-image 3.12.0
	   |-- com_twelvemonkeys_common_common-io 3.12.0
	   |-- com_twelvemonkeys_common_common-lang 3.12.0
	   |-- com_twelvemonkeys_imageio_imageio-core 3.12.0
	   |-- com_twelvemonkeys_imageio_imageio-metadata 3.12.0
	   |-- com_twelvemonkeys_imageio_imageio-webp 3.12.0
	   |-- org_quiltmc_parsers_gson 0.2.1
	   \-- org_quiltmc_parsers_json 0.2.1
	- zoomify 2.15.2+1.21.11
	   \-- com_akuleshov7_ktoml-core-jvm 0.7.1
[11:01:34] [main/INFO]: No flag found, running a usual copy
[11:01:34] [main/INFO]: Launching CrashAssistantApp (CrashAssistant-fabric-1.21.5-1.21.11-1.11.0.jar)
[11:01:35] [main/INFO]: SpongePowered MIXIN Subsystem Version=0.8.7 Source=file:/C:/Users/minec/AppData/Roaming/LKLauncher/meta/libraries/net/fabricmc/sponge-mixin/0.17.0+mixin.0.8.7/sponge-mixin-0.17.0+mixin.0.8.7.jar Service=Knot/Fabric Env=CLIENT
[11:01:35] [main/INFO]: Compatibility level set to JAVA_16
[11:01:35] [main/INFO]: Compatibility level set to JAVA_21
[11:01:36] [main/WARN]: Reference map 'iris.refmap.json' for mixins.iris.json could not be read. If this is a development environment you can ignore this message
[11:01:36] [main/WARN]: Reference map 'iris-fabric.refmap.json' for mixins.iris.fabric.json could not be read. If this is a development environment you can ignore this message
[11:01:36] [main/WARN]: Reference map 'iris.refmap.json' for mixins.iris.fantastic.json could not be read. If this is a development environment you can ignore this message
[11:01:36] [main/WARN]: Reference map 'iris.refmap.json' for mixins.iris.vertexformat.json could not be read. If this is a development environment you can ignore this message
[11:01:36] [main/WARN]: Reference map 'iris.refmap.json' for mixins.iris.bettermipmaps.json could not be read. If this is a development environment you can ignore this message
[11:01:36] [main/WARN]: Reference map 'iris.refmap.json' for mixins.iris.compat.sodium.json could not be read. If this is a development environment you can ignore this message
[11:01:36] [main/WARN]: Reference map 'iris.refmap.json' for mixins.iris.fixes.maxfpscrash.json could not be read. If this is a development environment you can ignore this message
[11:01:36] [main/INFO]: Loaded configuration file for Lithium: 171 options available, 0 override(s) found.
[11:01:36] [main/WARN]: Reference map 'moreculling.refmap.json' for moreculling.mixins.json could not be read. If this is a development environment you can ignore this message
[11:01:36] [main/WARN]: Reference map 'moreculling.refmap.json' for moreculling.fabric.mixins.json could not be read. If this is a development environment you can ignore this message
[11:01:36] [main/WARN]: Reference map 'nochatreports.refmap.json' for mixins/common/nochatreports.mixins.json could not be read. If this is a development environment you can ignore this message
[11:01:36] [main/WARN]: Reference map 'reeses-sodium-options.refmap.json' for reeses-sodium-options.mixins.json could not be read. If this is a development environment you can ignore this message
[11:01:36] [main/INFO]: Loaded configuration file for Sodium: 35 options available, 1 override(s) found
[11:01:36] [main/INFO]: Loaded configuration file for Sodium Extra: 26 options available, 0 override(s) found
[11:01:36] [main/WARN]: Reference map 'sodium-extra.refmap.json' for sodium-extra.mixins.json could not be read. If this is a development environment you can ignore this message
[11:01:36] [main/WARN]: Reference map 'sspb.refmap.json' for sspb.mixins.json could not be read. If this is a development environment you can ignore this message
[11:01:36] [main/WARN]: Reference map 'yet_another_config_lib_v3.refmap.json' for yacl.mixins.json could not be read. If this is a development environment you can ignore this message
[11:01:36] [main/WARN]: Reference map 'yet_another_config_lib_v3.refmap.json' for yacl-fabric.mixins.json could not be read. If this is a development environment you can ignore this message
[11:01:36] [CrashAssistantApp process logger/INFO]: CrashAssistantApp process successfully started.
[11:01:36] [main/WARN]: Force disabled MC-122477 because it only applies to OS: LINUX
[11:01:36] [main/WARN]: Error loading class: dev/tr7zw/skinlayers/render/CustomizableModelPart (java.lang.ClassNotFoundException: dev/tr7zw/skinlayers/render/CustomizableModelPart)
[11:01:36] [main/WARN]: Error loading class: net/irisshaders/batchedentityrendering/impl/FullyBufferedMultiBufferSource (java.lang.ClassNotFoundException: net/irisshaders/batchedentityrendering/impl/FullyBufferedMultiBufferSource)
[11:01:36] [main/WARN]: Error loading class: net/irisshaders/iris/layer/InnerWrappedRenderType (java.lang.ClassNotFoundException: net/irisshaders/iris/layer/InnerWrappedRenderType)
[11:01:37] [main/WARN]: Force-disabling mixin 'features.render.world.sky.LevelRendererMixin' as rule 'mixin.features.render.world.sky' (added by mods [iris]) disables it and children
[11:01:37] [main/INFO]: Searching for graphics cards...
[11:01:38] [main/INFO]: Found graphics adapter: AdapterInfo{vendor=AMD, description='AMD Radeon RX 7700S', adapterType=0x00002313, openglIcdFilePath='C:\Windows\System32\DriverStore\FileRepository\u0412182.inf_amd64_f4ce5beba63d45f9\B412245\atig6pxx.dll', openglIcdVersion=32.0.11036.4002}
[11:01:38] [main/INFO]: Found graphics adapter: AdapterInfo{vendor=AMD, description='AMD Radeon(TM) Graphics', adapterType=0x0000232B, openglIcdFilePath='C:\Windows\System32\DriverStore\FileRepository\u0412182.inf_amd64_f4ce5beba63d45f9\B412245\atig6pxx.dll', openglIcdVersion=32.0.11036.4002}
[11:01:38] [main/WARN]: Sodium has applied one or more workarounds to prevent crashes or other issues on your system: [AMD_GAME_OPTIMIZATION_BROKEN]
[11:01:38] [main/WARN]: This is not necessarily an issue, but it may result in certain features or optimizations being disabled. You can sometimes fix these issues by upgrading your graphics driver.
[11:01:38] [main/INFO]: Initializing MixinExtras via com.llamalad7.mixinextras.service.MixinExtrasServiceImpl(version=0.5.0).
[11:01:39] [Datafixer Bootstrap/INFO]: trender.mixins.json:client.ScreenAccessor from mod trender->@Invoker[METHOD_PROXY]::libgui$defaultHandleGameClickEvent(Lnet/minecraft/class_2558;Lnet/minecraft/class_310;Lnet/minecraft/class_437;)V should be static as its target is
[11:01:40] [Datafixer Bootstrap/INFO]: 287 Datafixer optimizations took 848 milliseconds
[11:01:47] [Render thread/INFO]: Environment: Environment[sessionHost=https://sessionserver.mojang.com, servicesHost=https://api.minecraftservices.com, profilesHost=https://api.mojang.com, name=PROD]
[11:01:47] [Render thread/INFO]: Setting user: GamerNation12
[11:01:47] [Render thread/INFO]: Enabled 100 bug fixes: [MC-577, MC-4490, MC-7569, MC-8187, MC-30391, MC-35361, MC-44654, MC-46737, MC-46766, MC-57057, MC-79545, MC-80859, MC-82263, MC-84661, MC-88371, MC-89146, MC-90683, MC-93018, MC-93384, MC-94054, MC-100991, MC-105068, MC-115092, MC-116379, MC-118740, MC-119754, MC-121706, MC-121903, MC-122477, MC-122627, MC-123450, MC-123605, MC-127970, MC-129909, MC-131562, MC-132878, MC-133218, MC-134110, MC-136249, MC-139041, MC-143474, MC-147659, MC-153010, MC-155509, MC-158900, MC-159163, MC-159283, MC-160095, MC-165306, MC-165381, MC-168573, MC-170462, MC-176559, MC-176806, MC-177381, MC-179072, MC-183990, MC-187100, MC-188359, MC-197260, MC-200418, MC-201374, MC-202637, MC-206540, MC-206922, MC-210318, MC-211561, MC-215530, MC-215531, MC-217716, MC-219981, MC-221257, MC-223153, MC-224729, MC-226961, MC-227008, MC-227337, MC-231097, MC-231743, MC-232869, MC-237493, MC-242809, MC-245394, MC-251068, MC-259512, MC-263865, MC-263999, MC-264285, MC-264979, MC-267125, MC-267376, MC-268420, MC-268617, MC-271899, MC-272431, MC-280220, MC-297837, MC-298066, MC-298225, MC-298558]
[11:01:47] [Render thread/INFO]: Successfully Debugify'd your game!
[11:01:48] [Render thread/WARN]: [BetterGrassify] Missing config field 'resourcePackCompatibilityMode'. Re-saving as default.
[11:01:48] [Render thread/WARN]: [BetterGrassify] Missing config field 'blocks'. Re-saving as default.
[11:01:48] [Render thread/WARN]: [BetterGrassify] Missing config field 'betterSnow'. Re-saving as default.
[11:01:48] [Render thread/INFO]: [BetterGrassify] Better Grass is disabled! ;(
[11:01:48] [Render thread/INFO]: Trying to read config file...
[11:01:48] [Render thread/INFO]: A config file was found, loading it..
[11:01:48] [Render thread/INFO]: Successfully loaded config file.
[11:01:48] [Render thread/INFO]: Pre-initializing Controlify...
[11:01:48] [Render thread/INFO]: [ETF]: Modifying ETF Render State constructor because: for EMF
[11:01:48] [Render thread/INFO]: Loading Entity Model Features, now compatible with every mod, except all the ones that aren't...
[11:01:48] [Render thread/INFO]: [ETF]: 6 new ETF Random Properties registered by entity_model_features
[11:01:49] [Render thread/INFO]: Loading Entity Texture Features, also known as ETF!
[11:01:49] [Render thread/INFO]: [Indigo] Different rendering plugin detected; not applying Indigo.
[11:01:49] [Render thread/INFO]: [FastQuit] Initialized
[11:01:49] [Render thread/WARN]: Found *decent* program match for minecraft:polytone/pipeline/leash: TEXTURED
[11:01:49] [Render thread/WARN]: Found okay program match for polytone:pipeline/additive_particle: PARTICLES_TRANS
[11:01:49] [Render thread/WARN]: Found *decent* program match for polytone:pipeline/additive_translucent_moving_block: TEXT_BE
[11:01:49] [Render thread/INFO]: Config file doesn't exist! Creating one...
[11:01:49] [Render thread/INFO]: Config successfully saved!
[11:01:50] [Render thread/INFO]: [SSPB] Broken dirt path lighting is best dirt path lighting lol
[11:01:50] [Render thread/INFO]: [STDOUT]: [LibGui] Initializing Client...
[11:01:50] [Render thread/INFO]: Config file 'C:\Users\minec\AppData\Roaming\LKLauncher\instances\1KVo5zza\config\yacl.json5' does not exist. Creating it with default values.
[11:01:50] [Render thread/INFO]: Serializing class dev.isxander.yacl3.platform.YACLConfig to 'C:\Users\minec\AppData\Roaming\LKLauncher\instances\1KVo5zza\config\yacl.json5'
[11:01:50] [Render thread/INFO]: Initializing mods (entrypoint yumi:init)...
[11:01:50] [Render thread/INFO]: [LambDynLights] Initializing LambDynamicLights...
[11:01:50] [Render thread/INFO]: [LambDynLights] Configuration loaded.
[11:01:50] [Render thread/INFO]: Game language (en_us) and config language () are different. Updating config
[11:01:50] [Render thread/INFO]: Backend library: LWJGL version 3.3.3-snapshot
[11:01:50] [Render thread/INFO]: Modifying process environment to apply workarounds for the AMD graphics driver...
[11:01:51] [Render thread/INFO]: Initializing ImmediatelyFast 1.14.2+1.21.11 on AMD Radeon(TM) Graphics (ATI Technologies Inc.) with OpenGL 3.3.0 Core Profile Context 24.10.36.04.250109
[11:01:51] [Render thread/INFO]: Found Iris 1.10.6+mc1.21.11. Enabling compatibility.
[11:01:51] [Render thread/INFO]: Debug functionality is disabled.
[11:01:51] [Render thread/INFO]: ARB_direct_state_access detected, enabling DSA.
[11:01:51] [Render thread/INFO]: Shaders are disabled because enableShaders is set to false in iris.properties
[11:01:51] [Render thread/INFO]: OpenGL Vendor: ATI Technologies Inc.
[11:01:51] [Render thread/INFO]: OpenGL Renderer: AMD Radeon(TM) Graphics
[11:01:51] [Render thread/INFO]: OpenGL Version: 3.3.0 Core Profile Context 24.10.36.04.250109
[11:01:51] [Render thread/INFO]: Using optional rendering extensions: GL_ARB_buffer_storage, GL_KHR_debug, GL_ARB_vertex_attrib_binding, GL_ARB_direct_state_access, GL_EXT_texture_filter_anisotropic
[11:01:52] [Render thread/INFO]: Hardware information:
[11:01:52] [Render thread/INFO]: CPU: 16x AMD Ryzen 7 7735HS with Radeon Graphics 
[11:01:52] [Render thread/INFO]: GPU: AMD Radeon(TM) Graphics (Supports OpenGL 3.3.0 Core Profile Context 24.10.36.04.250109)
[11:01:52] [Render thread/INFO]: OS: Windows 11 (10.0)
[11:01:53] [Render thread/INFO]: Reloading ResourceManager: vanilla, animatica, bettergrass, bettermounthud, capes, cloth-config, conditional-mixin, config_manager, continuity, controlify, cubes-without-borders, debugify, dynamic_fps, e4mc, entity_model_features, entity_texture_features, entityculling, fabric-api, fabric-api-base, fabric-api-lookup-api-v1, fabric-biome-api-v1, fabric-block-api-v1, fabric-block-view-api-v2, fabric-command-api-v2, fabric-content-registries-v0, fabric-convention-tags-v1, fabric-convention-tags-v2, fabric-crash-report-info-v1, fabric-data-attachment-api-v1, fabric-data-generation-api-v1, fabric-dimensions-v1, fabric-entity-events-v1, fabric-events-interaction-v0, fabric-game-rule-api-v1, fabric-item-api-v1, fabric-item-group-api-v1, fabric-key-binding-api-v1, fabric-language-kotlin, fabric-lifecycle-events-v1, fabric-loot-api-v2, fabric-loot-api-v3, fabric-message-api-v1, fabric-model-loading-api-v1, fabric-networking-api-v1, fabric-object-builder-api-v1, fabric-particles-v1, fabric-recipe-api-v1, fabric-registry-sync-v0, fabric-renderer-api-v1, fabric-renderer-indigo, fabric-rendering-fluids-v1, fabric-rendering-v1, fabric-resource-conditions-api-v1, fabric-resource-loader-v0, fabric-resource-loader-v1, fabric-screen-api-v1, fabric-screen-handler-api-v1, fabric-serialization-api-v1, fabric-sound-api-v1, fabric-tag-api-v1, fabric-transfer-api-v1, fabric-transitive-access-wideners-v1, fabricloader, fabrishot, fastquit, forgeconfigapiport, immediatelyfast, iris, lambdynlights, lambdynlights_api, lambdynlights_runtime, languagereload, lightconfig, lithium, midnightlib, mixintrace, modmenu, morechathistory, moreculling, nochatreports, optigui, paginatedadvancements, placeholder-api, polytone, pride, puzzle, reeses-sodium-options, rrls, skyboxify, sodium, sodium-extra, spruceui, sspb, trender, yet_another_config_lib_v3, zoomify
[11:01:53] [Render thread/INFO]: Cached all modded block culling states
[11:01:53] [Worker-Main-16/INFO]: Found unifont_all_no_pua-17.0.01.hex, loading
[11:01:54] [Worker-Main-16/INFO]: Found unifont_jp_patch-17.0.01.hex, loading
[11:01:54] [Worker-Main-16/INFO]: Found unifont_pua-17.0.01.hex, loading
[11:01:54] [Worker-Main-16/ERROR]: [EMF]: OptiFine model map for helmet already exists, overwriting
[11:01:54] [Worker-Main-16/ERROR]: [EMF]: OptiFine model map for chestplate already exists, overwriting
[11:01:54] [Worker-Main-16/ERROR]: [EMF]: OptiFine model map for leggings already exists, overwriting
[11:01:54] [Worker-Main-16/ERROR]: [EMF]: OptiFine model map for boots already exists, overwriting
[11:01:58] [Render thread/INFO]: OpenAL initialized on device OpenAL Soft on Speakers (Realtek(R) Audio)
[11:01:58] [Render thread/INFO]: Sound engine started
[11:01:58] [Render thread/INFO]: Created: 512x256x0 minecraft:textures/atlas/particles.png-atlas
[11:01:58] [Render thread/INFO]: Created: 128x128x0 minecraft:textures/atlas/decorated_pot.png-atlas
[11:01:58] [Render thread/INFO]: Created: 2048x1024x0 minecraft:textures/atlas/armor_trims.png-atlas
[11:01:58] [Render thread/INFO]: Created: 512x256x0 minecraft:textures/atlas/paintings.png-atlas
[11:01:58] [Render thread/INFO]: Created: 1024x512x0 minecraft:textures/atlas/shield_patterns.png-atlas
[11:01:58] [Render thread/INFO]: Created: 2048x2048x4 minecraft:textures/atlas/blocks.png-atlas
[11:01:58] [Render thread/INFO]: Created: 512x512x0 minecraft:textures/atlas/chest.png-atlas
[11:01:58] [Render thread/INFO]: Created: 256x128x0 minecraft:textures/atlas/celestials.png-atlas
[11:01:58] [Render thread/INFO]: Created: 1024x512x0 minecraft:textures/atlas/banner_patterns.png-atlas
[11:01:58] [Render thread/INFO]: Created: 512x512x0 minecraft:textures/atlas/beds.png-atlas
[11:01:58] [Render thread/INFO]: Created: 1024x512x0 minecraft:textures/atlas/items.png-atlas
[11:01:58] [Render thread/INFO]: Created: 1024x1024x0 minecraft:textures/atlas/gui.png-atlas
[11:01:58] [Render thread/INFO]: Created: 128x64x0 minecraft:textures/atlas/map_decorations.png-atlas
[11:01:58] [Render thread/INFO]: Created: 512x256x0 minecraft:textures/atlas/signs.png-atlas
[11:01:58] [Render thread/INFO]: Created: 512x512x0 minecraft:textures/atlas/shulker_boxes.png-atlas
[11:01:59] [Render thread/INFO]: 29675 cache(s) were cleared!
[11:01:59] [Render thread/INFO]: [KeyboardLayoutManager] Loaded 3 keyboard layouts
[11:01:59] [Render thread/INFO]: Loaded 3 Polytone config entries
[11:01:59] [Render thread/INFO]: Zoomify detected first launch!
[11:01:59] [Render thread/INFO]: [ETF]: reloading ETF data.
[11:01:59] [Render thread/INFO]: [ETF]: emissive suffixes loaded: {_e}
[11:01:59] [Render thread/INFO]: [ETF]: emissive suffixes loaded: {_e}
[11:01:59] [Render thread/INFO]: Creating pipeline for dimension minecraft:overworld
[11:01:59] [Render thread/INFO]: Initializing Controlify...
[11:01:59] [Render thread/INFO]: Loading Controlify config...
[11:01:59] [Render thread/INFO]: First launch detected. Creating initial config file!
[11:01:59] [Render thread/INFO]: Saving Controlify config...
[11:01:59] [Render thread/INFO]: [SDLNativesLoader] Attempting to load SDL3 from SDL3
[11:01:59] [Render thread/INFO]: [LoadedSDLNatives] Loading SDL3 version: 3.2.18. Java bindings targeting: 3.2.18
[11:01:59] [Render thread/INFO]: [LoadedSDLNatives] Successfully initialised SDL subsystems
[11:01:59] [Render thread/INFO]: [SDLNativesLoader] Successfully loaded SDL3 natives
[11:02:00] [Render thread/INFO]: Successfully loaded 555 gamepad mapping entries!
[11:02:00] [Render thread/INFO]: Using SDL to identify controller type.
[11:02:00] [Render thread/ERROR]: [SteamDeckUtil] Skipping Steam Deck checks as steamOS has temporarily broken the enhaned driver.
[11:02:00] [Render thread/INFO]: [ControllerManager] [Controller #SDL-1] SDL GUID driver signature: windows/XInput
[11:02:00] [Render thread/WARN]: Controller f666b01653749c9c536ca0b6a214af63 has no config to load. Using defaults.
[11:02:00] [Render thread/INFO]: [ControllerManager] Controller connected: 'Xbox Controller'#SDL-1-HID[VID=0x045e, PID=0x0b22] (Xbox Controller)
[11:02:00] [Render thread/INFO]: Saving Controlify config...
[11:02:00] [Render thread/INFO]: Steam Deck state: NOT_STEAM_DECK
[11:02:00] [Render thread/INFO]: Using SDL to identify controller type.
[11:02:00] [Render thread/WARN]: [ControllerManager] [Controller #SDL-1] Tried to create controller that already is initialised: SDL-1.
[11:02:00] [Render thread/INFO]: Modlist saved to config\crash_assistant\modlist.json
[11:02:01] [Render thread/INFO]: Overlay is removed!
[11:02:13] [Render thread/INFO]: Saving Controlify config...
[11:06:20] [Render thread/INFO]: Found new data pack fabric-convention-tags-v2, loading it automatically
[11:06:21] [Render thread/INFO]: Loaded 1470 recipes
[11:06:21] [Render thread/INFO]: Loaded 1584 advancements
[11:06:21] [Render thread/INFO]: Applied 0 biome modifications to 0 of 65 new biomes in 1.670 ms
[11:06:21] [Server thread/INFO]: Starting integrated minecraft server version 1.21.11
[11:06:21] [Server thread/INFO]: Generating keypair
[11:06:22] [Server thread/INFO]: Loading 0 persistent chunks...
[11:06:22] [Server thread/INFO]: Preparing spawn area: 16%
[11:06:23] [Server thread/INFO]: Loading 49 chunks for player spawn...
[11:06:23] [Server thread/INFO]: Preparing spawn area: 16%
[11:06:23] [Server thread/INFO]: Preparing spawn area: 16%
[11:06:24] [Server thread/INFO]: Preparing spawn area: 16%
[11:06:24] [Server thread/INFO]: Time elapsed: 1986 ms
[11:06:24] [Render thread/INFO]: Registered 17 custom block set types
[11:06:24] [Render thread/INFO]: Reloaded Polytone Resources in 117 ms
[11:06:24] [Server thread/INFO]: GamerNation12[local:E:945e93e2] logged in with entity id 70 at (44.14570334339285, 86.0, -14.731005292870655)
[11:06:25] [Render thread/INFO]: [CHAT] Thanks for installing Crash Assistant mod!\nIf you're installing it into a modpack,\nyou may configure it in [mod config]:\nChange link to your modpack Discord...\nThis message won't appear again.
[11:06:25] [Server thread/INFO]: GamerNation12 joined the game
[11:06:25] [Render thread/INFO]: Reloading pipeline on dimension change: minecraft:overworld => minecraft:overworld
[11:06:25] [Render thread/INFO]: Destroying pipeline minecraft:overworld
[11:06:25] [Render thread/INFO]: Creating pipeline for dimension minecraft:overworld
[11:06:25] [Render thread/WARN]: @ModifyVariable(@At("HEAD")) Shift.BY=1 on sspb.mixins.json:sodium.SmoothLightPipelineMixin from mod sspb::localvar$ege000$sspb$modifyApplyInsetPartialFaceVertexN2d exceeds the maximum allowed value: 0. Increase the value of maxShiftBy to suppress this warning.
[11:06:25] [Server thread/INFO]: Changing view distance to 16, from 10
[11:06:25] [Server thread/INFO]: Changing simulation distance to 12, from 0
[11:06:25] [Render thread/INFO]: Started 10 worker threads
[11:06:25] [Render thread/INFO]: Loaded 2 advancements
[11:06:26] [Render thread/INFO]: Resizing Dynamic Transforms UBO, capacity limit of 2 reached during a single frame. New capacity will be 4.
[11:06:27] [Render thread/INFO]: Resizing Dynamic Transforms UBO, capacity limit of 4 reached during a single frame. New capacity will be 8.
[11:06:27] [CullThread/INFO]: [STDOUT]: Shutting down culling task!
[11:06:27] [Server thread/INFO]: Saving and pausing game...
[11:06:27] [Render thread/INFO]: Stopping!
[11:06:27] [Server thread/INFO]: Saving chunks for level 'ServerLevel[New World]'/minecraft:overworld
[11:06:27] [Render thread/INFO]: [FastQuit] Disconnected "New World" from the client.
[11:06:27] [Render thread/INFO]: Stopping worker threads
[11:06:27] [Render thread/INFO]: [FastQuit] Exiting FastQuit.
[11:06:27] [Render thread/INFO]: [FastQuit] Waiting for "New World" to finish saving...
[11:06:27] [Server thread/INFO]: Saving chunks for level 'ServerLevel[New World]'/minecraft:the_end
[11:06:27] [Server thread/INFO]: Saving chunks for level 'ServerLevel[New World]'/minecraft:the_nether
[11:06:27] [Server thread/INFO]: GamerNation12 lost connection: Disconnected
[11:06:27] [Server thread/INFO]: GamerNation12 left the game
[11:06:27] [Server thread/INFO]: Stopping singleplayer server as player logged out
[11:06:27] [Server thread/INFO]: Stopping server
[11:06:27] [Server thread/INFO]: Saving players
[11:06:27] [Server thread/INFO]: Saving worlds
[11:06:27] [Server thread/INFO]: Saving chunks for level 'ServerLevel[New World]'/minecraft:overworld
[11:06:28] [Server thread/INFO]: Saving chunks for level 'ServerLevel[New World]'/minecraft:the_end
[11:06:28] [Server thread/INFO]: Saving chunks for level 'ServerLevel[New World]'/minecraft:the_nether
[11:06:28] [Server thread/INFO]: ThreadedAnvilChunkStorage (New World): All chunks are saved
[11:06:28] [Server thread/INFO]: ThreadedAnvilChunkStorage (DIM1): All chunks are saved
[11:06:28] [Server thread/INFO]: ThreadedAnvilChunkStorage (DIM-1): All chunks are saved
[11:06:28] [Server thread/INFO]: ThreadedAnvilChunkStorage: All dimensions are saved
[11:06:28] [Server thread/INFO]: [FastQuit] Finished saving "New World"
